<?xml version="1.0" encoding="UTF-8"?>
<!-- Generated by org.testng.reporters.JUnitXMLReporter -->
<testsuite ignored="0" hostname="ZTLW-31" failures="6" tests="20" name="Test" time="25.869" errors="0" timestamp="2023-05-09T10:59:27 IST">
  <testcase classname="api.testCases.DDTests" name="testPostuser" time="2.003"/>
  <testcase classname="api.testCases.DDTests" name="testPostuser" time="1.054"/>
  <testcase classname="api.testCases.DDTests" name="testPostuser" time="1.054"/>
  <testcase classname="api.testCases.DDTests" name="testPostuser" time="1.217"/>
  <testcase classname="api.testCases.DDTests" name="testGetUser" time="1.097"/>
  <testcase classname="api.testCases.DDTests" name="testGetUser" time="1.016"/>
  <testcase classname="api.testCases.DDTests" name="testGetUser" time="1.036"/>
  <testcase classname="api.testCases.DDTests" name="testGetUser" time="1.038"/>
  <testcase classname="api.testCases.DDTests" name="testDeleteUser" time="1.045">
    <failure type="java.lang.AssertionError" message="expected [200] but found [404]">
      <![CDATA[java.lang.AssertionError: expected [200] but found [404]
at api.testCases.DDTests.testDeleteUser(DDTests.java:41)
at java.base/java.util.ArrayList.forEach(ArrayList.java:1511)
... Removed 32 stack frames]]>
    </failure>
  </testcase> <!-- testDeleteUser -->
  <testcase classname="api.testCases.DDTests" name="testDeleteUser" time="1.159">
    <failure type="java.lang.AssertionError" message="expected [200] but found [404]">
      <![CDATA[java.lang.AssertionError: expected [200] but found [404]
at api.testCases.DDTests.testDeleteUser(DDTests.java:41)
at java.base/java.util.ArrayList.forEach(ArrayList.java:1511)
... Removed 32 stack frames]]>
    </failure>
  </testcase> <!-- testDeleteUser -->
  <testcase classname="api.testCases.DDTests" name="testDeleteUser" time="1.032">
    <failure type="java.lang.AssertionError" message="expected [200] but found [404]">
      <![CDATA[java.lang.AssertionError: expected [200] but found [404]
at api.testCases.DDTests.testDeleteUser(DDTests.java:41)
at java.base/java.util.ArrayList.forEach(ArrayList.java:1511)
... Removed 32 stack frames]]>
    </failure>
  </testcase> <!-- testDeleteUser -->
  <testcase classname="api.testCases.DDTests" name="testDeleteUser" time="1.005">
    <failure type="java.lang.AssertionError" message="expected [200] but found [404]">
      <![CDATA[java.lang.AssertionError: expected [200] but found [404]
at api.testCases.DDTests.testDeleteUser(DDTests.java:41)
at java.base/java.util.ArrayList.forEach(ArrayList.java:1511)
... Removed 32 stack frames]]>
    </failure>
  </testcase> <!-- testDeleteUser -->
  <testcase classname="api.testCases.UserTests" name="testPostUser" time="1.09"/>
  <testcase classname="api.testCases.UserTests" name="testGetUser" time="1.096"/>
  <testcase classname="api.testCases.UserTests" name="testUpdateUser" time="2.119"/>
  <testcase classname="api.testCases.UserTests" name="testDeleteUser" time="1.0">
    <failure type="java.lang.AssertionError" message="expected [200] but found [404]">
      <![CDATA[java.lang.AssertionError: expected [200] but found [404]
at api.testCases.UserTests.testDeleteUser(UserTests.java:74)
at java.base/java.util.ArrayList.forEach(ArrayList.java:1511)
... Removed 32 stack frames]]>
    </failure>
  </testcase> <!-- testDeleteUser -->
  <testcase classname="api.testCases.UserTests2" name="testPostUser" time="1.055"/>
  <testcase classname="api.testCases.UserTests2" name="testGetUser" time="1.027"/>
  <testcase classname="api.testCases.UserTests2" name="testUpdateUser" time="2.053"/>
  <testcase classname="api.testCases.UserTests2" name="testDeleteUser" time="1.077">
    <failure type="java.lang.AssertionError" message="expected [200] but found [404]">
      <![CDATA[java.lang.AssertionError: expected [200] but found [404]
at api.testCases.UserTests2.testDeleteUser(UserTests2.java:75)
at java.base/java.util.ArrayList.forEach(ArrayList.java:1511)
... Removed 32 stack frames]]>
    </failure>
  </testcase> <!-- testDeleteUser -->
</testsuite> <!-- Test -->
